1591006880 | index.php?id=log | /index.php?id=log
1591006882 | index.php?id=log | /index.php?id=log
1591006882 | index.php?id=log | /index.php?id=log
1591006883 | index.php?id=log | /index.php?id=log
1591006883 | index.php?id=log | /index.php?id=log
1591006883 | index.php?id=log | /index.php?id=log
1591006883 | index.php?id=log | /index.php?id=log
1591006883 | index.php?id=log | /index.php?id=log
1591006884 | index.php?id=log | /index.php?id=log
1591006899 | index.php?id=log | /index.php?id=contact
1591006900 | index.php?id=contact | /index.php?id=info
1591006900 | index.php?id=info | /index.php?id=info
1591006901 | index.php?id=info | /index.php
1591006902 | index.php | /index.php
1591006902 | index.php | /index.php?id=about
1591006903 | index.php?id=about | /index.php?id=info
1591006906 | index.php | /index.php
1591006909 | index.php | /index.php?id=log
1591006915 | index.php?id=log | /index.php?id=about
1591006921 | index.php | /index.php
1591006922 | index.php | /index.php?id=log
1591006928 | index.php?id=log | /index.php
1591006932 | index.php | /index.php?id=info
1591006933 | index.php?id=info | /index.php?id=gbook
1591006937 | index.php?id=gbook | /index.php?id=log
1591006971 | index.php?id=log | /index.php?id=gbook
1591006979 | index.php?id=log | /index.php?id=gbook
1591006985 | index.php?id=log | /index.php?id=gbook
1591006986 | index.php?id=log | /index.php?id=gbook
1591006986 | index.php?id=log | /index.php?id=gbook
1591006988 | index.php?id=gbook | /index.php
1591006989 | index.php | /index.php
1591007593 | index.php | /index.php
1591007594 | index.php | /index.php?id=about
1591007597 | index.php?id=about | /index.php?id=log
1591007607 |  | /
1591007612 | files2bolatov | /index.php
1591007613 | index.php | /index.php?id=contact
1591007614 | index.php?id=contact | /index.php?id=about
1591007615 | index.php?id=about | /index.php?id=info
1591007616 | index.php?id=info | /index.php?id=gbook
1591007619 | index.php?id=gbook | /index.php?id=log
